<?xml version="1.0" encoding="UTF-8"?>
<testng-results ignored="0" total="7" passed="7" failed="0" skipped="0">
  <reporter-output>
  </reporter-output>
  <suite started-at="2024-10-23T17:12:09Z" name="Suite" finished-at="2024-10-23T17:12:11Z" duration-ms="2120">
    <groups>
      <group name="cucumber">
        <method signature="AbstractTestNGCucumberTests.runScenario(io.cucumber.testng.PickleWrapper, io.cucumber.testng.FeatureWrapper)[pri:0, instance:com.runner.SwagRunnerForAllFeature@2f17e30d]" name="runScenario" class="io.cucumber.testng.AbstractTestNGCucumberTests"/>
      </group> <!-- cucumber -->
    </groups>
    <test started-at="2024-10-23T17:12:09Z" name="Test" finished-at="2024-10-23T17:12:11Z" duration-ms="2120">
      <class name="com.runner.SwagRunnerForAllFeature">
        <test-method is-config="true" signature="setup()[pri:0, instance:com.runner.SwagRunnerForAllFeature@2f17e30d]" started-at="2024-10-23T17:12:09Z" name="setup" finished-at="2024-10-23T17:12:09Z" duration-ms="10" status="PASS">
          <reporter-output>
          </reporter-output>
        </test-method> <!-- setup -->
        <test-method is-config="true" signature="setUpClass()[pri:0, instance:com.runner.SwagRunnerForAllFeature@2f17e30d]" started-at="2024-10-23T17:12:09Z" name="setUpClass" finished-at="2024-10-23T17:12:09Z" duration-ms="504" status="PASS">
          <reporter-output>
          </reporter-output>
        </test-method> <!-- setUpClass -->
        <test-method signature="runScenario(io.cucumber.testng.PickleWrapper, io.cucumber.testng.FeatureWrapper)[pri:0, instance:com.runner.SwagRunnerForAllFeature@2f17e30d]" started-at="2024-10-23T17:12:09Z" name="runScenario" description="Runs Cucumber Scenarios" data-provider="scenarios" finished-at="2024-10-23T17:12:10Z" duration-ms="173" status="PASS">
          <params>
            <param index="0">
              <value>
                <![CDATA["As a user, I want to log in to the Parabank Website with valid credentials so that I can Use the bank website."]]>
              </value>
            </param>
            <param index="1">
              <value>
                <![CDATA["Optional[Swaglabs Login Testing]"]]>
              </value>
            </param>
          </params>
          <reporter-output>
          </reporter-output>
        </test-method> <!-- runScenario -->
        <test-method signature="runScenario(io.cucumber.testng.PickleWrapper, io.cucumber.testng.FeatureWrapper)[pri:0, instance:com.runner.SwagRunnerForAllFeature@2f17e30d]" started-at="2024-10-23T17:12:10Z" name="runScenario" description="Runs Cucumber Scenarios" data-provider="scenarios" finished-at="2024-10-23T17:12:10Z" duration-ms="32" status="PASS">
          <params>
            <param index="0">
              <value>
                <![CDATA["As a user, I want to log in to the Parabank Website with valid credentials so that I can Use the bank website."]]>
              </value>
            </param>
            <param index="1">
              <value>
                <![CDATA["Optional[Swaglabs Login Testing]"]]>
              </value>
            </param>
          </params>
          <reporter-output>
          </reporter-output>
        </test-method> <!-- runScenario -->
        <test-method signature="runScenario(io.cucumber.testng.PickleWrapper, io.cucumber.testng.FeatureWrapper)[pri:0, instance:com.runner.SwagRunnerForAllFeature@2f17e30d]" started-at="2024-10-23T17:12:10Z" name="runScenario" description="Runs Cucumber Scenarios" data-provider="scenarios" finished-at="2024-10-23T17:12:10Z" duration-ms="18" status="PASS">
          <params>
            <param index="0">
              <value>
                <![CDATA["As a user, I want to log in to the Parabank Website with username but no password so that it denies to log in."]]>
              </value>
            </param>
            <param index="1">
              <value>
                <![CDATA["Optional[Swaglabs Login Testing]"]]>
              </value>
            </param>
          </params>
          <reporter-output>
          </reporter-output>
        </test-method> <!-- runScenario -->
        <test-method signature="runScenario(io.cucumber.testng.PickleWrapper, io.cucumber.testng.FeatureWrapper)[pri:0, instance:com.runner.SwagRunnerForAllFeature@2f17e30d]" started-at="2024-10-23T17:12:10Z" name="runScenario" description="Runs Cucumber Scenarios" data-provider="scenarios" finished-at="2024-10-23T17:12:10Z" duration-ms="18" status="PASS">
          <params>
            <param index="0">
              <value>
                <![CDATA["As a user, I want to log in to the Parabank Website without the username but with the password."]]>
              </value>
            </param>
            <param index="1">
              <value>
                <![CDATA["Optional[Swaglabs Login Testing]"]]>
              </value>
            </param>
          </params>
          <reporter-output>
          </reporter-output>
        </test-method> <!-- runScenario -->
        <test-method signature="runScenario(io.cucumber.testng.PickleWrapper, io.cucumber.testng.FeatureWrapper)[pri:0, instance:com.runner.SwagRunnerForAllFeature@2f17e30d]" started-at="2024-10-23T17:12:10Z" name="runScenario" description="Runs Cucumber Scenarios" data-provider="scenarios" finished-at="2024-10-23T17:12:10Z" duration-ms="19" status="PASS">
          <params>
            <param index="0">
              <value>
                <![CDATA["As a user, I want to log in to the Parabank Website without the username and password so that it denies to log in."]]>
              </value>
            </param>
            <param index="1">
              <value>
                <![CDATA["Optional[Swaglabs Login Testing]"]]>
              </value>
            </param>
          </params>
          <reporter-output>
          </reporter-output>
        </test-method> <!-- runScenario -->
        <test-method signature="runScenario(io.cucumber.testng.PickleWrapper, io.cucumber.testng.FeatureWrapper)[pri:0, instance:com.runner.SwagRunnerForAllFeature@2f17e30d]" started-at="2024-10-23T17:12:10Z" name="runScenario" description="Runs Cucumber Scenarios" data-provider="scenarios" finished-at="2024-10-23T17:12:10Z" duration-ms="27" status="PASS">
          <params>
            <param index="0">
              <value>
                <![CDATA["As a logged user, I want to log out  from the Swag Labs Website for security purpose."]]>
              </value>
            </param>
            <param index="1">
              <value>
                <![CDATA["Optional[Swag Labs website log out testing]"]]>
              </value>
            </param>
          </params>
          <reporter-output>
          </reporter-output>
        </test-method> <!-- runScenario -->
        <test-method signature="runScenario(io.cucumber.testng.PickleWrapper, io.cucumber.testng.FeatureWrapper)[pri:0, instance:com.runner.SwagRunnerForAllFeature@2f17e30d]" started-at="2024-10-23T17:12:10Z" name="runScenario" description="Runs Cucumber Scenarios" data-provider="scenarios" finished-at="2024-10-23T17:12:10Z" duration-ms="19" status="PASS">
          <params>
            <param index="0">
              <value>
                <![CDATA["As a logged user, I want to log out  from the Swag Labs Website for security purpose."]]>
              </value>
            </param>
            <param index="1">
              <value>
                <![CDATA["Optional[Swag Labs website log out testing]"]]>
              </value>
            </param>
          </params>
          <reporter-output>
          </reporter-output>
        </test-method> <!-- runScenario -->
        <test-method is-config="true" signature="tearDownClass()[pri:0, instance:com.runner.SwagRunnerForAllFeature@2f17e30d]" started-at="2024-10-23T17:12:10Z" name="tearDownClass" finished-at="2024-10-23T17:12:11Z" duration-ms="1248" status="PASS">
          <reporter-output>
          </reporter-output>
        </test-method> <!-- tearDownClass -->
      </class> <!-- com.runner.SwagRunnerForAllFeature -->
    </test> <!-- Test -->
  </suite> <!-- Suite -->
</testng-results>
