<?xml version="1.0" encoding="UTF-8"?>
<testng-results ignored="0" total="1" passed="1" failed="0" skipped="0">
  <reporter-output>
  </reporter-output>
  <suite started-at="2024-11-06T17:18:25Z" name="Default suite" finished-at="2024-11-06T17:18:26Z" duration-ms="1516">
    <groups>
    </groups>
    <test started-at="2024-11-06T17:18:25Z" name="Default test" finished-at="2024-11-06T17:18:26Z" duration-ms="1516">
      <class name="com.API.Testing.HttpPatchServer">
        <test-method signature="getPatch()[pri:0, instance:com.API.Testing.HttpPatchServer@373ebf74]" started-at="2024-11-06T17:18:25Z" name="getPatch" finished-at="2024-11-06T17:18:26Z" duration-ms="1484" status="PASS">
          <reporter-output>
          </reporter-output>
        </test-method> <!-- getPatch -->
      </class> <!-- com.API.Testing.HttpPatchServer -->
    </test> <!-- Default test -->
  </suite> <!-- Default suite -->
</testng-results>
